19-Sep-2021 11:11:15.144 INFO [main] org.apache.catalina.startup.VersionLoggerListener.log Server version name:   Apache Tomcat/9.0.53
19-Sep-2021 11:11:15.153 INFO [main] org.apache.catalina.startup.VersionLoggerListener.log Server built:          Sep 6 2021 19:09:00 UTC
19-Sep-2021 11:11:15.153 INFO [main] org.apache.catalina.startup.VersionLoggerListener.log Server version number: 9.0.53.0
19-Sep-2021 11:11:15.153 INFO [main] org.apache.catalina.startup.VersionLoggerListener.log OS Name:               Linux
19-Sep-2021 11:11:15.153 INFO [main] org.apache.catalina.startup.VersionLoggerListener.log OS Version:            4.18.0-305.el8.x86_64
19-Sep-2021 11:11:15.154 INFO [main] org.apache.catalina.startup.VersionLoggerListener.log Architecture:          amd64
19-Sep-2021 11:11:15.154 INFO [main] org.apache.catalina.startup.VersionLoggerListener.log Java Home:             /usr/lib/jvm/java-1.8.0-openjdk-1.8.0.302.b08-0.el8_4.x86_64/jre
19-Sep-2021 11:11:15.154 INFO [main] org.apache.catalina.startup.VersionLoggerListener.log JVM Version:           1.8.0_302-b08
19-Sep-2021 11:11:15.154 INFO [main] org.apache.catalina.startup.VersionLoggerListener.log JVM Vendor:            Red Hat, Inc.
19-Sep-2021 11:11:15.154 INFO [main] org.apache.catalina.startup.VersionLoggerListener.log CATALINA_BASE:         /home/ec2-user/usr/java/tomcat9
19-Sep-2021 11:11:15.154 INFO [main] org.apache.catalina.startup.VersionLoggerListener.log CATALINA_HOME:         /home/ec2-user/usr/java/tomcat9
19-Sep-2021 11:11:15.164 INFO [main] org.apache.catalina.startup.VersionLoggerListener.log Command line argument: -Djava.util.logging.config.file=/home/ec2-user/usr/java/tomcat9/conf/logging.properties
19-Sep-2021 11:11:15.164 INFO [main] org.apache.catalina.startup.VersionLoggerListener.log Command line argument: -Djava.util.logging.manager=org.apache.juli.ClassLoaderLogManager
19-Sep-2021 11:11:15.164 INFO [main] org.apache.catalina.startup.VersionLoggerListener.log Command line argument: -Djdk.tls.ephemeralDHKeySize=2048
19-Sep-2021 11:11:15.164 INFO [main] org.apache.catalina.startup.VersionLoggerListener.log Command line argument: -Djava.protocol.handler.pkgs=org.apache.catalina.webresources
19-Sep-2021 11:11:15.164 INFO [main] org.apache.catalina.startup.VersionLoggerListener.log Command line argument: -Dorg.apache.catalina.security.SecurityListener.UMASK=0027
19-Sep-2021 11:11:15.164 INFO [main] org.apache.catalina.startup.VersionLoggerListener.log Command line argument: -Dignore.endorsed.dirs=
19-Sep-2021 11:11:15.165 INFO [main] org.apache.catalina.startup.VersionLoggerListener.log Command line argument: -Dcatalina.base=/home/ec2-user/usr/java/tomcat9
19-Sep-2021 11:11:15.165 INFO [main] org.apache.catalina.startup.VersionLoggerListener.log Command line argument: -Dcatalina.home=/home/ec2-user/usr/java/tomcat9
19-Sep-2021 11:11:15.165 INFO [main] org.apache.catalina.startup.VersionLoggerListener.log Command line argument: -Djava.io.tmpdir=/home/ec2-user/usr/java/tomcat9/temp
19-Sep-2021 11:11:15.167 INFO [main] org.apache.catalina.core.AprLifecycleListener.lifecycleEvent The Apache Tomcat Native library which allows using OpenSSL was not found on the java.library.path: [/usr/java/packages/lib/amd64:/usr/lib64:/lib64:/lib:/usr/lib]
19-Sep-2021 11:11:15.915 INFO [main] org.apache.coyote.AbstractProtocol.init Initializing ProtocolHandler ["http-nio-8080"]
19-Sep-2021 11:11:15.970 INFO [main] org.apache.catalina.startup.Catalina.load Server initialization in [1174] milliseconds
19-Sep-2021 11:11:16.026 INFO [main] org.apache.catalina.core.StandardService.startInternal Starting service [Catalina]
19-Sep-2021 11:11:16.026 INFO [main] org.apache.catalina.core.StandardEngine.startInternal Starting Servlet engine: [Apache Tomcat/9.0.53]
19-Sep-2021 11:11:16.049 INFO [main] org.apache.catalina.startup.HostConfig.deployDirectory Deploying web application directory [/home/ec2-user/usr/java/tomcat9/webapps/ROOT]
19-Sep-2021 11:11:16.607 INFO [main] org.apache.catalina.startup.HostConfig.deployDirectory Deployment of web application directory [/home/ec2-user/usr/java/tomcat9/webapps/ROOT] has finished in [558] ms
19-Sep-2021 11:11:16.607 INFO [main] org.apache.catalina.startup.HostConfig.deployDirectory Deploying web application directory [/home/ec2-user/usr/java/tomcat9/webapps/docs]
19-Sep-2021 11:11:16.634 INFO [main] org.apache.catalina.startup.HostConfig.deployDirectory Deployment of web application directory [/home/ec2-user/usr/java/tomcat9/webapps/docs] has finished in [27] ms
19-Sep-2021 11:11:16.634 INFO [main] org.apache.catalina.startup.HostConfig.deployDirectory Deploying web application directory [/home/ec2-user/usr/java/tomcat9/webapps/examples]
19-Sep-2021 11:11:17.129 INFO [main] org.apache.catalina.startup.HostConfig.deployDirectory Deployment of web application directory [/home/ec2-user/usr/java/tomcat9/webapps/examples] has finished in [495] ms
19-Sep-2021 11:11:17.130 INFO [main] org.apache.catalina.startup.HostConfig.deployDirectory Deploying web application directory [/home/ec2-user/usr/java/tomcat9/webapps/host-manager]
19-Sep-2021 11:11:17.188 INFO [main] org.apache.catalina.startup.HostConfig.deployDirectory Deployment of web application directory [/home/ec2-user/usr/java/tomcat9/webapps/host-manager] has finished in [57] ms
19-Sep-2021 11:11:17.188 INFO [main] org.apache.catalina.startup.HostConfig.deployDirectory Deploying web application directory [/home/ec2-user/usr/java/tomcat9/webapps/manager]
19-Sep-2021 11:11:17.217 INFO [main] org.apache.catalina.startup.HostConfig.deployDirectory Deployment of web application directory [/home/ec2-user/usr/java/tomcat9/webapps/manager] has finished in [29] ms
19-Sep-2021 11:11:17.235 INFO [main] org.apache.coyote.AbstractProtocol.start Starting ProtocolHandler ["http-nio-8080"]
19-Sep-2021 11:11:17.277 INFO [main] org.apache.catalina.startup.Catalina.start Server startup in [1307] milliseconds
19-Sep-2021 11:16:47.283 INFO [Catalina-utility-1] org.apache.catalina.users.MemoryUserDatabase.backgroundProcess Reloading memory user database [UserDatabase] from updated source [file:/home/ec2-user/usr/java/tomcat9/conf/tomcat-users.xml]
19-Sep-2021 11:19:37.310 INFO [Catalina-utility-2] org.apache.catalina.startup.HostConfig.undeploy Undeploying context [/manager]
19-Sep-2021 11:19:37.332 INFO [Catalina-utility-2] org.apache.catalina.startup.HostConfig.deployDirectory Deploying web application directory [/home/ec2-user/usr/java/tomcat9/webapps/manager]
19-Sep-2021 11:19:37.373 INFO [Catalina-utility-2] org.apache.catalina.startup.HostConfig.deployDirectory Deployment of web application directory [/home/ec2-user/usr/java/tomcat9/webapps/manager] has finished in [40] ms
19-Sep-2021 11:20:25.110 INFO [main] org.apache.catalina.startup.VersionLoggerListener.log Server version name:   Apache Tomcat/9.0.53
19-Sep-2021 11:20:25.119 INFO [main] org.apache.catalina.startup.VersionLoggerListener.log Server built:          Sep 6 2021 19:09:00 UTC
19-Sep-2021 11:20:25.119 INFO [main] org.apache.catalina.startup.VersionLoggerListener.log Server version number: 9.0.53.0
19-Sep-2021 11:20:25.119 INFO [main] org.apache.catalina.startup.VersionLoggerListener.log OS Name:               Linux
19-Sep-2021 11:20:25.120 INFO [main] org.apache.catalina.startup.VersionLoggerListener.log OS Version:            4.18.0-305.el8.x86_64
19-Sep-2021 11:20:25.120 INFO [main] org.apache.catalina.startup.VersionLoggerListener.log Architecture:          amd64
19-Sep-2021 11:20:25.120 INFO [main] org.apache.catalina.startup.VersionLoggerListener.log Java Home:             /usr/lib/jvm/java-1.8.0-openjdk-1.8.0.302.b08-0.el8_4.x86_64/jre
19-Sep-2021 11:20:25.120 INFO [main] org.apache.catalina.startup.VersionLoggerListener.log JVM Version:           1.8.0_302-b08
19-Sep-2021 11:20:25.120 INFO [main] org.apache.catalina.startup.VersionLoggerListener.log JVM Vendor:            Red Hat, Inc.
19-Sep-2021 11:20:25.120 INFO [main] org.apache.catalina.startup.VersionLoggerListener.log CATALINA_BASE:         /home/ec2-user/usr/java/tomcat9
19-Sep-2021 11:20:25.120 INFO [main] org.apache.catalina.startup.VersionLoggerListener.log CATALINA_HOME:         /home/ec2-user/usr/java/tomcat9
19-Sep-2021 11:20:25.122 INFO [main] org.apache.catalina.startup.VersionLoggerListener.log Command line argument: -Djava.util.logging.config.file=/home/ec2-user/usr/java/tomcat9/conf/logging.properties
19-Sep-2021 11:20:25.122 INFO [main] org.apache.catalina.startup.VersionLoggerListener.log Command line argument: -Djava.util.logging.manager=org.apache.juli.ClassLoaderLogManager
19-Sep-2021 11:20:25.122 INFO [main] org.apache.catalina.startup.VersionLoggerListener.log Command line argument: -Djdk.tls.ephemeralDHKeySize=2048
19-Sep-2021 11:20:25.122 INFO [main] org.apache.catalina.startup.VersionLoggerListener.log Command line argument: -Djava.protocol.handler.pkgs=org.apache.catalina.webresources
19-Sep-2021 11:20:25.122 INFO [main] org.apache.catalina.startup.VersionLoggerListener.log Command line argument: -Dorg.apache.catalina.security.SecurityListener.UMASK=0027
19-Sep-2021 11:20:25.122 INFO [main] org.apache.catalina.startup.VersionLoggerListener.log Command line argument: -Dignore.endorsed.dirs=
19-Sep-2021 11:20:25.122 INFO [main] org.apache.catalina.startup.VersionLoggerListener.log Command line argument: -Dcatalina.base=/home/ec2-user/usr/java/tomcat9
19-Sep-2021 11:20:25.122 INFO [main] org.apache.catalina.startup.VersionLoggerListener.log Command line argument: -Dcatalina.home=/home/ec2-user/usr/java/tomcat9
19-Sep-2021 11:20:25.123 INFO [main] org.apache.catalina.startup.VersionLoggerListener.log Command line argument: -Djava.io.tmpdir=/home/ec2-user/usr/java/tomcat9/temp
19-Sep-2021 11:20:25.124 INFO [main] org.apache.catalina.core.AprLifecycleListener.lifecycleEvent The Apache Tomcat Native library which allows using OpenSSL was not found on the java.library.path: [/usr/java/packages/lib/amd64:/usr/lib64:/lib64:/lib:/usr/lib]
19-Sep-2021 11:20:25.809 INFO [main] org.apache.coyote.AbstractProtocol.init Initializing ProtocolHandler ["http-nio-8080"]
19-Sep-2021 11:20:25.819 SEVERE [main] org.apache.catalina.util.LifecycleBase.handleSubClassException Failed to initialize component [Connector[HTTP/1.1-8080]]
	org.apache.catalina.LifecycleException: Protocol handler initialization failed
		at org.apache.catalina.connector.Connector.initInternal(Connector.java:1049)
		at org.apache.catalina.util.LifecycleBase.init(LifecycleBase.java:136)
		at org.apache.catalina.core.StandardService.initInternal(StandardService.java:556)
		at org.apache.catalina.util.LifecycleBase.init(LifecycleBase.java:136)
		at org.apache.catalina.core.StandardServer.initInternal(StandardServer.java:1042)
		at org.apache.catalina.util.LifecycleBase.init(LifecycleBase.java:136)
		at org.apache.catalina.startup.Catalina.load(Catalina.java:724)
		at org.apache.catalina.startup.Catalina.load(Catalina.java:746)
		at sun.reflect.NativeMethodAccessorImpl.invoke0(Native Method)
		at sun.reflect.NativeMethodAccessorImpl.invoke(NativeMethodAccessorImpl.java:62)
		at sun.reflect.DelegatingMethodAccessorImpl.invoke(DelegatingMethodAccessorImpl.java:43)
		at java.lang.reflect.Method.invoke(Method.java:498)
		at org.apache.catalina.startup.Bootstrap.load(Bootstrap.java:305)
		at org.apache.catalina.startup.Bootstrap.main(Bootstrap.java:475)
	Caused by: java.net.BindException: Address already in use
		at sun.nio.ch.Net.bind0(Native Method)
		at sun.nio.ch.Net.bind(Net.java:461)
		at sun.nio.ch.Net.bind(Net.java:453)
		at sun.nio.ch.ServerSocketChannelImpl.bind(ServerSocketChannelImpl.java:222)
		at org.apache.tomcat.util.net.NioEndpoint.initServerSocket(NioEndpoint.java:271)
		at org.apache.tomcat.util.net.NioEndpoint.bind(NioEndpoint.java:226)
		at org.apache.tomcat.util.net.AbstractEndpoint.bindWithCleanup(AbstractEndpoint.java:1208)
		at org.apache.tomcat.util.net.AbstractEndpoint.init(AbstractEndpoint.java:1221)
		at org.apache.coyote.AbstractProtocol.init(AbstractProtocol.java:603)
		at org.apache.coyote.http11.AbstractHttp11Protocol.init(AbstractHttp11Protocol.java:80)
		at org.apache.catalina.connector.Connector.initInternal(Connector.java:1046)
		... 13 more
19-Sep-2021 11:20:25.843 INFO [main] org.apache.catalina.startup.Catalina.load Server initialization in [1053] milliseconds
19-Sep-2021 11:20:25.909 INFO [main] org.apache.catalina.core.StandardService.startInternal Starting service [Catalina]
19-Sep-2021 11:20:25.909 INFO [main] org.apache.catalina.core.StandardEngine.startInternal Starting Servlet engine: [Apache Tomcat/9.0.53]
19-Sep-2021 11:20:25.928 INFO [main] org.apache.catalina.startup.HostConfig.deployDirectory Deploying web application directory [/home/ec2-user/usr/java/tomcat9/webapps/ROOT]
19-Sep-2021 11:20:26.444 INFO [main] org.apache.catalina.startup.HostConfig.deployDirectory Deployment of web application directory [/home/ec2-user/usr/java/tomcat9/webapps/ROOT] has finished in [489] ms
19-Sep-2021 11:20:26.444 INFO [main] org.apache.catalina.startup.HostConfig.deployDirectory Deploying web application directory [/home/ec2-user/usr/java/tomcat9/webapps/docs]
19-Sep-2021 11:20:26.472 INFO [main] org.apache.catalina.startup.HostConfig.deployDirectory Deployment of web application directory [/home/ec2-user/usr/java/tomcat9/webapps/docs] has finished in [28] ms
19-Sep-2021 11:20:26.472 INFO [main] org.apache.catalina.startup.HostConfig.deployDirectory Deploying web application directory [/home/ec2-user/usr/java/tomcat9/webapps/examples]
19-Sep-2021 11:20:26.975 INFO [main] org.apache.catalina.startup.HostConfig.deployDirectory Deployment of web application directory [/home/ec2-user/usr/java/tomcat9/webapps/examples] has finished in [503] ms
19-Sep-2021 11:20:26.975 INFO [main] org.apache.catalina.startup.HostConfig.deployDirectory Deploying web application directory [/home/ec2-user/usr/java/tomcat9/webapps/host-manager]
19-Sep-2021 11:20:27.030 INFO [main] org.apache.catalina.startup.HostConfig.deployDirectory Deployment of web application directory [/home/ec2-user/usr/java/tomcat9/webapps/host-manager] has finished in [55] ms
19-Sep-2021 11:20:27.030 INFO [main] org.apache.catalina.startup.HostConfig.deployDirectory Deploying web application directory [/home/ec2-user/usr/java/tomcat9/webapps/manager]
19-Sep-2021 11:20:27.060 INFO [main] org.apache.catalina.startup.HostConfig.deployDirectory Deployment of web application directory [/home/ec2-user/usr/java/tomcat9/webapps/manager] has finished in [30] ms
19-Sep-2021 11:20:27.103 INFO [main] org.apache.catalina.startup.Catalina.start Server startup in [1260] milliseconds
19-Sep-2021 11:20:27.105 SEVERE [main] org.apache.catalina.core.StandardServer.await Failed to create server shutdown socket on address [localhost] and port [8005] (base port [8005] and offset [0])
	java.net.BindException: Address already in use (Bind failed)
		at java.net.PlainSocketImpl.socketBind(Native Method)
		at java.net.AbstractPlainSocketImpl.bind(AbstractPlainSocketImpl.java:387)
		at java.net.ServerSocket.bind(ServerSocket.java:390)
		at java.net.ServerSocket.<init>(ServerSocket.java:252)
		at org.apache.catalina.core.StandardServer.await(StandardServer.java:577)
		at org.apache.catalina.startup.Catalina.await(Catalina.java:864)
		at org.apache.catalina.startup.Catalina.start(Catalina.java:810)
		at sun.reflect.NativeMethodAccessorImpl.invoke0(Native Method)
		at sun.reflect.NativeMethodAccessorImpl.invoke(NativeMethodAccessorImpl.java:62)
		at sun.reflect.DelegatingMethodAccessorImpl.invoke(DelegatingMethodAccessorImpl.java:43)
		at java.lang.reflect.Method.invoke(Method.java:498)
		at org.apache.catalina.startup.Bootstrap.start(Bootstrap.java:345)
		at org.apache.catalina.startup.Bootstrap.main(Bootstrap.java:476)
19-Sep-2021 11:20:27.105 INFO [main] org.apache.coyote.AbstractProtocol.pause Pausing ProtocolHandler ["http-nio-8080"]
19-Sep-2021 11:20:27.105 INFO [main] org.apache.catalina.core.StandardService.stopInternal Stopping service [Catalina]
19-Sep-2021 11:20:27.136 INFO [1] org.apache.coyote.AbstractProtocol.stop Stopping ProtocolHandler ["http-nio-8080"]
19-Sep-2021 11:20:27.136 INFO [1] org.apache.coyote.AbstractProtocol.destroy Destroying ProtocolHandler ["http-nio-8080"]
19-Sep-2021 11:38:17.497 INFO [Catalina-utility-1] org.apache.catalina.startup.HostConfig.deployWAR Deploying web application archive [/home/ec2-user/usr/java/tomcat9/webapps/Calendar.war]
19-Sep-2021 11:38:17.667 INFO [Catalina-utility-1] org.apache.jasper.servlet.TldScanner.scanJars At least one JAR was scanned for TLDs yet contained no TLDs. Enable debug logging for this logger for a complete list of JARs that were scanned but no TLDs were found in them. Skipping unneeded JARs during scanning can improve startup time and JSP compilation time.
19-Sep-2021 11:38:17.670 INFO [Catalina-utility-1] org.apache.catalina.startup.HostConfig.deployWAR Deployment of web application archive [/home/ec2-user/usr/java/tomcat9/webapps/Calendar.war] has finished in [173] ms
19-Sep-2021 16:06:45.389 INFO [Thread-3] org.apache.coyote.AbstractProtocol.pause Pausing ProtocolHandler ["http-nio-8080"]
19-Sep-2021 16:06:45.421 INFO [Thread-3] org.apache.catalina.core.StandardService.stopInternal Stopping service [Catalina]
19-Sep-2021 16:06:45.539 INFO [Thread-3] org.apache.coyote.AbstractProtocol.stop Stopping ProtocolHandler ["http-nio-8080"]
19-Sep-2021 16:06:45.568 INFO [Thread-3] org.apache.coyote.AbstractProtocol.destroy Destroying ProtocolHandler ["http-nio-8080"]
