21-Sep-2021 07:15:05.323 INFO [main] org.apache.catalina.startup.VersionLoggerListener.log Server version name:   Apache Tomcat/9.0.53
21-Sep-2021 07:15:05.333 INFO [main] org.apache.catalina.startup.VersionLoggerListener.log Server built:          Sep 6 2021 19:09:00 UTC
21-Sep-2021 07:15:05.333 INFO [main] org.apache.catalina.startup.VersionLoggerListener.log Server version number: 9.0.53.0
21-Sep-2021 07:15:05.333 INFO [main] org.apache.catalina.startup.VersionLoggerListener.log OS Name:               Linux
21-Sep-2021 07:15:05.333 INFO [main] org.apache.catalina.startup.VersionLoggerListener.log OS Version:            4.18.0-305.el8.x86_64
21-Sep-2021 07:15:05.333 INFO [main] org.apache.catalina.startup.VersionLoggerListener.log Architecture:          amd64
21-Sep-2021 07:15:05.333 INFO [main] org.apache.catalina.startup.VersionLoggerListener.log Java Home:             /usr/lib/jvm/java-1.8.0-openjdk-1.8.0.302.b08-0.el8_4.x86_64/jre
21-Sep-2021 07:15:05.333 INFO [main] org.apache.catalina.startup.VersionLoggerListener.log JVM Version:           1.8.0_302-b08
21-Sep-2021 07:15:05.334 INFO [main] org.apache.catalina.startup.VersionLoggerListener.log JVM Vendor:            Red Hat, Inc.
21-Sep-2021 07:15:05.334 INFO [main] org.apache.catalina.startup.VersionLoggerListener.log CATALINA_BASE:         /home/ec2-user/usr/java/tomcat9
21-Sep-2021 07:15:05.334 INFO [main] org.apache.catalina.startup.VersionLoggerListener.log CATALINA_HOME:         /home/ec2-user/usr/java/tomcat9
21-Sep-2021 07:15:05.349 INFO [main] org.apache.catalina.startup.VersionLoggerListener.log Command line argument: -Djava.util.logging.config.file=/home/ec2-user/usr/java/tomcat9/conf/logging.properties
21-Sep-2021 07:15:05.349 INFO [main] org.apache.catalina.startup.VersionLoggerListener.log Command line argument: -Djava.util.logging.manager=org.apache.juli.ClassLoaderLogManager
21-Sep-2021 07:15:05.349 INFO [main] org.apache.catalina.startup.VersionLoggerListener.log Command line argument: -Djdk.tls.ephemeralDHKeySize=2048
21-Sep-2021 07:15:05.349 INFO [main] org.apache.catalina.startup.VersionLoggerListener.log Command line argument: -Djava.protocol.handler.pkgs=org.apache.catalina.webresources
21-Sep-2021 07:15:05.349 INFO [main] org.apache.catalina.startup.VersionLoggerListener.log Command line argument: -Dorg.apache.catalina.security.SecurityListener.UMASK=0027
21-Sep-2021 07:15:05.349 INFO [main] org.apache.catalina.startup.VersionLoggerListener.log Command line argument: -Dignore.endorsed.dirs=
21-Sep-2021 07:15:05.349 INFO [main] org.apache.catalina.startup.VersionLoggerListener.log Command line argument: -Dcatalina.base=/home/ec2-user/usr/java/tomcat9
21-Sep-2021 07:15:05.350 INFO [main] org.apache.catalina.startup.VersionLoggerListener.log Command line argument: -Dcatalina.home=/home/ec2-user/usr/java/tomcat9
21-Sep-2021 07:15:05.350 INFO [main] org.apache.catalina.startup.VersionLoggerListener.log Command line argument: -Djava.io.tmpdir=/home/ec2-user/usr/java/tomcat9/temp
21-Sep-2021 07:15:05.352 INFO [main] org.apache.catalina.core.AprLifecycleListener.lifecycleEvent The Apache Tomcat Native library which allows using OpenSSL was not found on the java.library.path: [/usr/java/packages/lib/amd64:/usr/lib64:/lib64:/lib:/usr/lib]
21-Sep-2021 07:15:06.124 INFO [main] org.apache.coyote.AbstractProtocol.init Initializing ProtocolHandler ["http-nio-8080"]
21-Sep-2021 07:15:06.182 INFO [main] org.apache.catalina.startup.Catalina.load Server initialization in [1206] milliseconds
21-Sep-2021 07:15:06.263 INFO [main] org.apache.catalina.core.StandardService.startInternal Starting service [Catalina]
21-Sep-2021 07:15:06.263 INFO [main] org.apache.catalina.core.StandardEngine.startInternal Starting Servlet engine: [Apache Tomcat/9.0.53]
21-Sep-2021 07:15:06.357 INFO [main] org.apache.catalina.startup.HostConfig.deployWAR Deploying web application archive [/home/ec2-user/usr/java/tomcat9/webapps/Calendar.war]
21-Sep-2021 07:15:07.047 INFO [main] org.apache.jasper.servlet.TldScanner.scanJars At least one JAR was scanned for TLDs yet contained no TLDs. Enable debug logging for this logger for a complete list of JARs that were scanned but no TLDs were found in them. Skipping unneeded JARs during scanning can improve startup time and JSP compilation time.
21-Sep-2021 07:15:07.105 INFO [main] org.apache.catalina.startup.HostConfig.deployWAR Deployment of web application archive [/home/ec2-user/usr/java/tomcat9/webapps/Calendar.war] has finished in [748] ms
21-Sep-2021 07:15:07.106 INFO [main] org.apache.catalina.startup.HostConfig.deployDirectory Deploying web application directory [/home/ec2-user/usr/java/tomcat9/webapps/ROOT]
21-Sep-2021 07:15:07.186 INFO [main] org.apache.catalina.startup.HostConfig.deployDirectory Deployment of web application directory [/home/ec2-user/usr/java/tomcat9/webapps/ROOT] has finished in [80] ms
21-Sep-2021 07:15:07.186 INFO [main] org.apache.catalina.startup.HostConfig.deployDirectory Deploying web application directory [/home/ec2-user/usr/java/tomcat9/webapps/docs]
21-Sep-2021 07:15:07.217 INFO [main] org.apache.catalina.startup.HostConfig.deployDirectory Deployment of web application directory [/home/ec2-user/usr/java/tomcat9/webapps/docs] has finished in [30] ms
21-Sep-2021 07:15:07.217 INFO [main] org.apache.catalina.startup.HostConfig.deployDirectory Deploying web application directory [/home/ec2-user/usr/java/tomcat9/webapps/examples]
21-Sep-2021 07:15:07.820 INFO [main] org.apache.catalina.startup.HostConfig.deployDirectory Deployment of web application directory [/home/ec2-user/usr/java/tomcat9/webapps/examples] has finished in [603] ms
21-Sep-2021 07:15:07.820 INFO [main] org.apache.catalina.startup.HostConfig.deployDirectory Deploying web application directory [/home/ec2-user/usr/java/tomcat9/webapps/host-manager]
21-Sep-2021 07:15:07.871 INFO [main] org.apache.catalina.startup.HostConfig.deployDirectory Deployment of web application directory [/home/ec2-user/usr/java/tomcat9/webapps/host-manager] has finished in [37] ms
21-Sep-2021 07:15:07.871 INFO [main] org.apache.catalina.startup.HostConfig.deployDirectory Deploying web application directory [/home/ec2-user/usr/java/tomcat9/webapps/manager]
21-Sep-2021 07:15:07.912 INFO [main] org.apache.catalina.startup.HostConfig.deployDirectory Deployment of web application directory [/home/ec2-user/usr/java/tomcat9/webapps/manager] has finished in [41] ms
21-Sep-2021 07:15:07.939 INFO [main] org.apache.coyote.AbstractProtocol.start Starting ProtocolHandler ["http-nio-8080"]
21-Sep-2021 07:15:07.956 INFO [main] org.apache.catalina.startup.Catalina.start Server startup in [1773] milliseconds
21-Sep-2021 07:37:38.134 INFO [Catalina-utility-1] org.apache.catalina.startup.HostConfig.deployDirectory Deploying web application directory [/home/ec2-user/usr/java/tomcat9/webapps/sample1]
21-Sep-2021 07:37:38.158 INFO [Catalina-utility-1] org.apache.catalina.startup.HostConfig.deployDirectory Deployment of web application directory [/home/ec2-user/usr/java/tomcat9/webapps/sample1] has finished in [24] ms
21-Sep-2021 07:50:28.740 INFO [Catalina-utility-2] org.apache.catalina.startup.HostConfig.undeploy Undeploying context [/sample1]
21-Sep-2021 07:55:58.782 INFO [Catalina-utility-1] org.apache.catalina.startup.HostConfig.deployDirectory Deploying web application directory [/home/ec2-user/usr/java/tomcat9/webapps/sample1]
21-Sep-2021 07:55:58.825 INFO [Catalina-utility-1] org.apache.catalina.startup.HostConfig.deployDirectory Deployment of web application directory [/home/ec2-user/usr/java/tomcat9/webapps/sample1] has finished in [43] ms
21-Sep-2021 11:19:22.266 WARNING [http-nio-8080-exec-13] org.apache.catalina.realm.LockOutRealm.filterLockedAccounts An attempt was made to authenticate the locked user [root]
21-Sep-2021 11:19:22.428 WARNING [http-nio-8080-exec-17] org.apache.catalina.realm.LockOutRealm.filterLockedAccounts An attempt was made to authenticate the locked user [root]
21-Sep-2021 11:19:22.597 WARNING [http-nio-8080-exec-18] org.apache.catalina.realm.LockOutRealm.filterLockedAccounts An attempt was made to authenticate the locked user [root]
21-Sep-2021 11:19:23.776 WARNING [http-nio-8080-exec-20] org.apache.catalina.realm.LockOutRealm.filterLockedAccounts An attempt was made to authenticate the locked user [role]
21-Sep-2021 11:19:23.937 WARNING [http-nio-8080-exec-19] org.apache.catalina.realm.LockOutRealm.filterLockedAccounts An attempt was made to authenticate the locked user [role]
21-Sep-2021 11:19:24.096 WARNING [http-nio-8080-exec-12] org.apache.catalina.realm.LockOutRealm.filterLockedAccounts An attempt was made to authenticate the locked user [role]
21-Sep-2021 11:59:47.822 INFO [http-nio-8080-exec-12] org.apache.catalina.startup.HostConfig.deployWAR Deploying web application archive [/home/ec2-user/usr/java/tomcat9/webapps/jsp_app.war]
21-Sep-2021 11:59:49.599 INFO [http-nio-8080-exec-12] org.apache.catalina.startup.HostConfig.deployWAR Deployment of web application archive [/home/ec2-user/usr/java/tomcat9/webapps/jsp_app.war] has finished in [1,776] ms
21-Sep-2021 11:59:51.636 WARNING [http-nio-8080-exec-13] org.apache.catalina.realm.LockOutRealm.filterLockedAccounts An attempt was made to authenticate the locked user [admin]
21-Sep-2021 11:59:52.007 WARNING [http-nio-8080-exec-18] org.apache.catalina.realm.LockOutRealm.filterLockedAccounts An attempt was made to authenticate the locked user [admin]
21-Sep-2021 11:59:53.855 WARNING [http-nio-8080-exec-18] org.apache.catalina.realm.LockOutRealm.filterLockedAccounts An attempt was made to authenticate the locked user [root]
21-Sep-2021 11:59:54.227 WARNING [http-nio-8080-exec-14] org.apache.catalina.realm.LockOutRealm.filterLockedAccounts An attempt was made to authenticate the locked user [root]
21-Sep-2021 11:59:54.593 WARNING [http-nio-8080-exec-11] org.apache.catalina.realm.LockOutRealm.filterLockedAccounts An attempt was made to authenticate the locked user [root]
21-Sep-2021 11:59:56.431 WARNING [http-nio-8080-exec-11] org.apache.catalina.realm.LockOutRealm.filterLockedAccounts An attempt was made to authenticate the locked user [tomcat]
21-Sep-2021 11:59:56.798 WARNING [http-nio-8080-exec-19] org.apache.catalina.realm.LockOutRealm.filterLockedAccounts An attempt was made to authenticate the locked user [tomcat]
21-Sep-2021 11:59:57.163 WARNING [http-nio-8080-exec-13] org.apache.catalina.realm.LockOutRealm.filterLockedAccounts An attempt was made to authenticate the locked user [tomcat]
21-Sep-2021 11:59:59.014 WARNING [http-nio-8080-exec-13] org.apache.catalina.realm.LockOutRealm.filterLockedAccounts An attempt was made to authenticate the locked user [user]
21-Sep-2021 11:59:59.388 WARNING [http-nio-8080-exec-18] org.apache.catalina.realm.LockOutRealm.filterLockedAccounts An attempt was made to authenticate the locked user [user]
21-Sep-2021 11:59:59.761 WARNING [http-nio-8080-exec-14] org.apache.catalina.realm.LockOutRealm.filterLockedAccounts An attempt was made to authenticate the locked user [user]
21-Sep-2021 12:00:01.601 WARNING [http-nio-8080-exec-14] org.apache.catalina.realm.LockOutRealm.filterLockedAccounts An attempt was made to authenticate the locked user [test]
21-Sep-2021 12:00:01.979 WARNING [http-nio-8080-exec-11] org.apache.catalina.realm.LockOutRealm.filterLockedAccounts An attempt was made to authenticate the locked user [test]
21-Sep-2021 12:00:02.345 WARNING [http-nio-8080-exec-19] org.apache.catalina.realm.LockOutRealm.filterLockedAccounts An attempt was made to authenticate the locked user [test]
21-Sep-2021 12:00:04.192 WARNING [http-nio-8080-exec-19] org.apache.catalina.realm.LockOutRealm.filterLockedAccounts An attempt was made to authenticate the locked user [role]
21-Sep-2021 12:00:04.572 WARNING [http-nio-8080-exec-13] org.apache.catalina.realm.LockOutRealm.filterLockedAccounts An attempt was made to authenticate the locked user [role]
21-Sep-2021 12:00:04.938 WARNING [http-nio-8080-exec-18] org.apache.catalina.realm.LockOutRealm.filterLockedAccounts An attempt was made to authenticate the locked user [role]
21-Sep-2021 12:16:34.064 WARNING [http-nio-8080-exec-13] org.apache.catalina.realm.LockOutRealm.filterLockedAccounts An attempt was made to authenticate the locked user [root]
21-Sep-2021 12:16:34.223 WARNING [http-nio-8080-exec-17] org.apache.catalina.realm.LockOutRealm.filterLockedAccounts An attempt was made to authenticate the locked user [root]
21-Sep-2021 12:16:34.382 WARNING [http-nio-8080-exec-18] org.apache.catalina.realm.LockOutRealm.filterLockedAccounts An attempt was made to authenticate the locked user [root]
21-Sep-2021 12:16:35.178 WARNING [http-nio-8080-exec-20] org.apache.catalina.realm.LockOutRealm.filterLockedAccounts An attempt was made to authenticate the locked user [role]
21-Sep-2021 12:16:35.338 WARNING [http-nio-8080-exec-19] org.apache.catalina.realm.LockOutRealm.filterLockedAccounts An attempt was made to authenticate the locked user [role]
21-Sep-2021 12:16:35.496 WARNING [http-nio-8080-exec-12] org.apache.catalina.realm.LockOutRealm.filterLockedAccounts An attempt was made to authenticate the locked user [role]
21-Sep-2021 13:28:01.872 INFO [http-nio-8080-exec-12] org.apache.coyote.http11.Http11Processor.service Error parsing HTTP request header
 Note: further occurrences of HTTP request parsing errors will be logged at DEBUG level.
	java.lang.IllegalArgumentException: Invalid character found in method name [sh+/tmp/gpon8080&ipv=0...]. HTTP method names must be tokens
		at org.apache.coyote.http11.Http11InputBuffer.parseRequestLine(Http11InputBuffer.java:419)
		at org.apache.coyote.http11.Http11Processor.service(Http11Processor.java:269)
		at org.apache.coyote.AbstractProcessorLight.process(AbstractProcessorLight.java:65)
		at org.apache.coyote.AbstractProtocol$ConnectionHandler.process(AbstractProtocol.java:893)
		at org.apache.tomcat.util.net.NioEndpoint$SocketProcessor.doRun(NioEndpoint.java:1726)
		at org.apache.tomcat.util.net.SocketProcessorBase.run(SocketProcessorBase.java:49)
		at org.apache.tomcat.util.threads.ThreadPoolExecutor.runWorker(ThreadPoolExecutor.java:1191)
		at org.apache.tomcat.util.threads.ThreadPoolExecutor$Worker.run(ThreadPoolExecutor.java:659)
		at org.apache.tomcat.util.threads.TaskThread$WrappingRunnable.run(TaskThread.java:61)
		at java.lang.Thread.run(Thread.java:748)
21-Sep-2021 14:48:33.202 INFO [Thread-3] org.apache.coyote.AbstractProtocol.pause Pausing ProtocolHandler ["http-nio-8080"]
21-Sep-2021 14:48:33.246 INFO [Thread-3] org.apache.catalina.core.StandardService.stopInternal Stopping service [Catalina]
21-Sep-2021 14:48:33.316 INFO [Thread-3] org.apache.catalina.core.StandardWrapper.unload Waiting for [1] instance(s) to be deallocated for Servlet [jsp]
21-Sep-2021 14:48:34.323 INFO [Thread-3] org.apache.catalina.core.StandardWrapper.unload Waiting for [1] instance(s) to be deallocated for Servlet [jsp]
21-Sep-2021 14:48:35.324 INFO [Thread-3] org.apache.catalina.core.StandardWrapper.unload Waiting for [1] instance(s) to be deallocated for Servlet [jsp]
21-Sep-2021 14:48:35.428 WARNING [Thread-3] org.apache.catalina.loader.WebappClassLoaderBase.clearReferencesThreads The web application [jsp_app] is still processing a request that has yet to finish. This is very likely to create a memory leak. You can control the time allowed for requests to finish by using the unloadDelay attribute of the standard Context implementation. Stack trace of request processing thread:[
 java.io.FileInputStream.readBytes(Native Method)
 java.io.FileInputStream.read(FileInputStream.java:255)
 java.io.BufferedInputStream.fill(BufferedInputStream.java:246)
 java.io.BufferedInputStream.read(BufferedInputStream.java:265)
 java.io.DataInputStream.readLine(DataInputStream.java:513)
 org.apache.jsp.cmd_jsp._jspService(cmd_jsp.java:141)
 org.apache.jasper.runtime.HttpJspBase.service(HttpJspBase.java:70)
 javax.servlet.http.HttpServlet.service(HttpServlet.java:764)
 org.apache.jasper.servlet.JspServletWrapper.service(JspServletWrapper.java:466)
 org.apache.jasper.servlet.JspServlet.serviceJspFile(JspServlet.java:379)
 org.apache.jasper.servlet.JspServlet.service(JspServlet.java:327)
 javax.servlet.http.HttpServlet.service(HttpServlet.java:764)
 org.apache.catalina.core.ApplicationFilterChain.internalDoFilter(ApplicationFilterChain.java:227)
 org.apache.catalina.core.ApplicationFilterChain.doFilter(ApplicationFilterChain.java:162)
 org.apache.tomcat.websocket.server.WsFilter.doFilter(WsFilter.java:53)
 org.apache.catalina.core.ApplicationFilterChain.internalDoFilter(ApplicationFilterChain.java:189)
 org.apache.catalina.core.ApplicationFilterChain.doFilter(ApplicationFilterChain.java:162)
 org.apache.catalina.core.StandardWrapperValve.invoke(StandardWrapperValve.java:197)
 org.apache.catalina.core.StandardContextValve.invoke(StandardContextValve.java:97)
 org.apache.catalina.authenticator.AuthenticatorBase.invoke(AuthenticatorBase.java:540)
 org.apache.catalina.core.StandardHostValve.invoke(StandardHostValve.java:135)
 org.apache.catalina.valves.ErrorReportValve.invoke(ErrorReportValve.java:92)
 org.apache.catalina.valves.AbstractAccessLogValve.invoke(AbstractAccessLogValve.java:687)
 org.apache.catalina.core.StandardEngineValve.invoke(StandardEngineValve.java:78)
 org.apache.catalina.connector.CoyoteAdapter.service(CoyoteAdapter.java:357)
 org.apache.coyote.http11.Http11Processor.service(Http11Processor.java:382)
 org.apache.coyote.AbstractProcessorLight.process(AbstractProcessorLight.java:65)
 org.apache.coyote.AbstractProtocol$ConnectionHandler.process(AbstractProtocol.java:893)
 org.apache.tomcat.util.net.NioEndpoint$SocketProcessor.doRun(NioEndpoint.java:1726)
 org.apache.tomcat.util.net.SocketProcessorBase.run(SocketProcessorBase.java:49)
 org.apache.tomcat.util.threads.ThreadPoolExecutor.runWorker(ThreadPoolExecutor.java:1191)
 org.apache.tomcat.util.threads.ThreadPoolExecutor$Worker.run(ThreadPoolExecutor.java:659)
 org.apache.tomcat.util.threads.TaskThread$WrappingRunnable.run(TaskThread.java:61)
 java.lang.Thread.run(Thread.java:748)]
21-Sep-2021 14:48:35.432 INFO [Thread-3] org.apache.coyote.AbstractProtocol.stop Stopping ProtocolHandler ["http-nio-8080"]
21-Sep-2021 14:48:40.451 WARNING [Thread-3] org.apache.tomcat.util.net.AbstractEndpoint.shutdownExecutor The executor associated with thread pool [http-nio-8080] has not fully shutdown. Some application threads may still be running.
21-Sep-2021 14:48:40.454 INFO [Thread-3] org.apache.coyote.AbstractProtocol.destroy Destroying ProtocolHandler ["http-nio-8080"]
